{"C:\\Users\\Sahan\\Documents\\ICBT\\IoT-Based Plantation System\\nodejs-backend\\index.js": {"path":"C:\\Users\\Sahan\\Documents\\ICBT\\IoT-Based Plantation System\\nodejs-backend\\index.js","statementMap":{"0":{"start":{"line":1,"column":16},"end":{"line":1,"column":34}},"1":{"start":{"line":2,"column":12},"end":{"line":2,"column":21}},"2":{"start":{"line":3,"column":15},"end":{"line":3,"column":32}},"3":{"start":{"line":4,"column":13},"end":{"line":4,"column":28}},"4":{"start":{"line":6,"column":20},"end":{"line":6,"column":44}},"5":{"start":{"line":7,"column":0},"end":{"line":7,"column":16}},"6":{"start":{"line":9,"column":0},"end":{"line":9,"column":15}},"7":{"start":{"line":10,"column":0},"end":{"line":10,"column":23}},"8":{"start":{"line":11,"column":0},"end":{"line":11,"column":45}},"9":{"start":{"line":14,"column":18},"end":{"line":14,"column":41}},"10":{"start":{"line":15,"column":18},"end":{"line":15,"column":41}},"11":{"start":{"line":16,"column":18},"end":{"line":16,"column":41}},"12":{"start":{"line":17,"column":24},"end":{"line":17,"column":53}},"13":{"start":{"line":19,"column":13},"end":{"line":19,"column":37}},"14":{"start":{"line":20,"column":15},"end":{"line":22,"column":2}},"15":{"start":{"line":21,"column":4},"end":{"line":21,"column":52}},"16":{"start":{"line":25,"column":0},"end":{"line":25,"column":39}},"17":{"start":{"line":26,"column":0},"end":{"line":26,"column":39}},"18":{"start":{"line":27,"column":0},"end":{"line":27,"column":39}},"19":{"start":{"line":28,"column":0},"end":{"line":28,"column":40}},"20":{"start":{"line":30,"column":0},"end":{"line":30,"column":30}}},"fnMap":{"0":{"name":"(anonymous_0)","decl":{"start":{"line":20,"column":32},"end":{"line":20,"column":33}},"loc":{"start":{"line":20,"column":38},"end":{"line":22,"column":1}},"line":20}},"branchMap":{"0":{"loc":{"start":{"line":19,"column":13},"end":{"line":19,"column":37}},"type":"binary-expr","locations":[{"start":{"line":19,"column":13},"end":{"line":19,"column":29}},{"start":{"line":19,"column":33},"end":{"line":19,"column":37}}],"line":19}},"s":{"0":2,"1":2,"2":2,"3":2,"4":2,"5":2,"6":2,"7":2,"8":2,"9":2,"10":2,"11":2,"12":2,"13":2,"14":2,"15":2,"16":2,"17":2,"18":2,"19":2,"20":2},"f":{"0":2},"b":{"0":[2,2]},"_coverageSchema":"1a1c01bbd47fc00a2c39e90264f33305004495a9","hash":"6741a8997b7a4840abe1addda11eb0e9de99b82e"}
,"C:\\Users\\Sahan\\Documents\\ICBT\\IoT-Based Plantation System\\nodejs-backend\\config\\db.js": {"path":"C:\\Users\\Sahan\\Documents\\ICBT\\IoT-Based Plantation System\\nodejs-backend\\config\\db.js","statementMap":{"0":{"start":{"line":1,"column":15},"end":{"line":12,"column":1}},"1":{"start":{"line":14,"column":0},"end":{"line":14,"column":23}}},"fnMap":{},"branchMap":{},"s":{"0":1,"1":1},"f":{},"b":{},"_coverageSchema":"1a1c01bbd47fc00a2c39e90264f33305004495a9","hash":"e710fff0c463a878a4bdf5729255bff00af3f022"}
,"C:\\Users\\Sahan\\Documents\\ICBT\\IoT-Based Plantation System\\nodejs-backend\\config\\keys.js": {"path":"C:\\Users\\Sahan\\Documents\\ICBT\\IoT-Based Plantation System\\nodejs-backend\\config\\keys.js","statementMap":{"0":{"start":{"line":1,"column":23},"end":{"line":1,"column":57}},"1":{"start":{"line":2,"column":25},"end":{"line":2,"column":59}},"2":{"start":{"line":4,"column":0},"end":{"line":7,"column":1}}},"fnMap":{},"branchMap":{},"s":{"0":2,"1":2,"2":2},"f":{},"b":{},"_coverageSchema":"1a1c01bbd47fc00a2c39e90264f33305004495a9","hash":"50ec2773e3d5cce34155e66d9f06da22247cdf01"}
,"C:\\Users\\Sahan\\Documents\\ICBT\\IoT-Based Plantation System\\nodejs-backend\\config\\rainfall.js": {"path":"C:\\Users\\Sahan\\Documents\\ICBT\\IoT-Based Plantation System\\nodejs-backend\\config\\rainfall.js","statementMap":{"0":{"start":{"line":1,"column":17},"end":{"line":4,"column":1}},"1":{"start":{"line":6,"column":0},"end":{"line":8,"column":1}}},"fnMap":{},"branchMap":{},"s":{"0":2,"1":2},"f":{},"b":{},"_coverageSchema":"1a1c01bbd47fc00a2c39e90264f33305004495a9","hash":"898b25efcf601e602af69504d0ea46e8b4cc7b3f"}
,"C:\\Users\\Sahan\\Documents\\ICBT\\IoT-Based Plantation System\\nodejs-backend\\config\\thingspeak.js": {"path":"C:\\Users\\Sahan\\Documents\\ICBT\\IoT-Based Plantation System\\nodejs-backend\\config\\thingspeak.js","statementMap":{"0":{"start":{"line":1,"column":19},"end":{"line":4,"column":1}},"1":{"start":{"line":6,"column":0},"end":{"line":8,"column":1}}},"fnMap":{},"branchMap":{},"s":{"0":2,"1":2},"f":{},"b":{},"_coverageSchema":"1a1c01bbd47fc00a2c39e90264f33305004495a9","hash":"cb75cb3bf78579b2123d632fb9c1fa222b5976a0"}
,"C:\\Users\\Sahan\\Documents\\ICBT\\IoT-Based Plantation System\\nodejs-backend\\const\\const.js": {"path":"C:\\Users\\Sahan\\Documents\\ICBT\\IoT-Based Plantation System\\nodejs-backend\\const\\const.js","statementMap":{"0":{"start":{"line":1,"column":18},"end":{"line":1,"column":27}},"1":{"start":{"line":4,"column":19},"end":{"line":7,"column":1}},"2":{"start":{"line":9,"column":19},"end":{"line":14,"column":1}},"3":{"start":{"line":10,"column":4},"end":{"line":13,"column":5}},"4":{"start":{"line":16,"column":19},"end":{"line":21,"column":1}},"5":{"start":{"line":17,"column":4},"end":{"line":20,"column":5}},"6":{"start":{"line":24,"column":19},"end":{"line":24,"column":36}},"7":{"start":{"line":26,"column":0},"end":{"line":32,"column":1}}},"fnMap":{"0":{"name":"(anonymous_0)","decl":{"start":{"line":9,"column":19},"end":{"line":9,"column":20}},"loc":{"start":{"line":9,"column":32},"end":{"line":14,"column":1}},"line":9},"1":{"name":"(anonymous_1)","decl":{"start":{"line":16,"column":19},"end":{"line":16,"column":20}},"loc":{"start":{"line":16,"column":29},"end":{"line":21,"column":1}},"line":16}},"branchMap":{},"s":{"0":2,"1":2,"2":2,"3":2,"4":2,"5":5,"6":2,"7":2},"f":{"0":2,"1":5},"b":{},"_coverageSchema":"1a1c01bbd47fc00a2c39e90264f33305004495a9","hash":"e5f7b66363d4db4b585490769451df45caab72d0"}
,"C:\\Users\\Sahan\\Documents\\ICBT\\IoT-Based Plantation System\\nodejs-backend\\const\\error.js": {"path":"C:\\Users\\Sahan\\Documents\\ICBT\\IoT-Based Plantation System\\nodejs-backend\\const\\error.js","statementMap":{"0":{"start":{"line":1,"column":24},"end":{"line":5,"column":1}},"1":{"start":{"line":7,"column":18},"end":{"line":10,"column":1}},"2":{"start":{"line":12,"column":0},"end":{"line":15,"column":1}}},"fnMap":{},"branchMap":{},"s":{"0":2,"1":2,"2":2},"f":{},"b":{},"_coverageSchema":"1a1c01bbd47fc00a2c39e90264f33305004495a9","hash":"748c0e62cd1eb4ac767d74fd9b52b6419e424682"}
,"C:\\Users\\Sahan\\Documents\\ICBT\\IoT-Based Plantation System\\nodejs-backend\\const\\predictions.js": {"path":"C:\\Users\\Sahan\\Documents\\ICBT\\IoT-Based Plantation System\\nodejs-backend\\const\\predictions.js","statementMap":{"0":{"start":{"line":1,"column":0},"end":{"line":54,"column":1}}},"fnMap":{},"branchMap":{},"s":{"0":2},"f":{},"b":{},"_coverageSchema":"1a1c01bbd47fc00a2c39e90264f33305004495a9","hash":"0caaca9b329691d5c263dd68f18ed71d2bb13382"}
,"C:\\Users\\Sahan\\Documents\\ICBT\\IoT-Based Plantation System\\nodejs-backend\\const\\query.js": {"path":"C:\\Users\\Sahan\\Documents\\ICBT\\IoT-Based Plantation System\\nodejs-backend\\const\\query.js","statementMap":{"0":{"start":{"line":1,"column":25},"end":{"line":1,"column":43}},"1":{"start":{"line":4,"column":24},"end":{"line":4,"column":70}},"2":{"start":{"line":6,"column":21},"end":{"line":6,"column":41}},"3":{"start":{"line":8,"column":26},"end":{"line":8,"column":225}},"4":{"start":{"line":10,"column":26},"end":{"line":10,"column":260}},"5":{"start":{"line":12,"column":23},"end":{"line":19,"column":62}},"6":{"start":{"line":21,"column":17},"end":{"line":23,"column":70}},"7":{"start":{"line":21,"column":27},"end":{"line":23,"column":70}},"8":{"start":{"line":25,"column":22},"end":{"line":25,"column":43}},"9":{"start":{"line":27,"column":21},"end":{"line":27,"column":162}},"10":{"start":{"line":27,"column":31},"end":{"line":27,"column":162}},"11":{"start":{"line":29,"column":24},"end":{"line":31,"column":50}},"12":{"start":{"line":29,"column":32},"end":{"line":31,"column":50}},"13":{"start":{"line":33,"column":26},"end":{"line":35,"column":52}},"14":{"start":{"line":33,"column":34},"end":{"line":35,"column":52}},"15":{"start":{"line":37,"column":26},"end":{"line":42,"column":61}},"16":{"start":{"line":37,"column":36},"end":{"line":42,"column":61}},"17":{"start":{"line":44,"column":30},"end":{"line":46,"column":84}},"18":{"start":{"line":44,"column":44},"end":{"line":46,"column":84}},"19":{"start":{"line":48,"column":0},"end":{"line":61,"column":1}}},"fnMap":{"0":{"name":"(anonymous_0)","decl":{"start":{"line":21,"column":17},"end":{"line":21,"column":18}},"loc":{"start":{"line":21,"column":27},"end":{"line":23,"column":70}},"line":21},"1":{"name":"(anonymous_1)","decl":{"start":{"line":27,"column":21},"end":{"line":27,"column":22}},"loc":{"start":{"line":27,"column":31},"end":{"line":27,"column":162}},"line":27},"2":{"name":"(anonymous_2)","decl":{"start":{"line":29,"column":24},"end":{"line":29,"column":25}},"loc":{"start":{"line":29,"column":32},"end":{"line":31,"column":50}},"line":29},"3":{"name":"(anonymous_3)","decl":{"start":{"line":33,"column":26},"end":{"line":33,"column":27}},"loc":{"start":{"line":33,"column":34},"end":{"line":35,"column":52}},"line":33},"4":{"name":"(anonymous_4)","decl":{"start":{"line":37,"column":26},"end":{"line":37,"column":27}},"loc":{"start":{"line":37,"column":36},"end":{"line":42,"column":61}},"line":37},"5":{"name":"(anonymous_5)","decl":{"start":{"line":44,"column":30},"end":{"line":44,"column":31}},"loc":{"start":{"line":44,"column":44},"end":{"line":46,"column":84}},"line":44}},"branchMap":{},"s":{"0":2,"1":2,"2":2,"3":2,"4":2,"5":2,"6":2,"7":0,"8":2,"9":2,"10":1,"11":2,"12":2,"13":2,"14":1,"15":2,"16":1,"17":2,"18":3,"19":2},"f":{"0":0,"1":1,"2":2,"3":1,"4":1,"5":3},"b":{},"_coverageSchema":"1a1c01bbd47fc00a2c39e90264f33305004495a9","hash":"b448614b7ec70ba1218ed67e856db15f67020dc3"}
,"C:\\Users\\Sahan\\Documents\\ICBT\\IoT-Based Plantation System\\nodejs-backend\\controller\\authController.js": {"path":"C:\\Users\\Sahan\\Documents\\ICBT\\IoT-Based Plantation System\\nodejs-backend\\controller\\authController.js","statementMap":{"0":{"start":{"line":1,"column":45},"end":{"line":1,"column":70}},"1":{"start":{"line":2,"column":25},"end":{"line":2,"column":54}},"2":{"start":{"line":3,"column":15},"end":{"line":3,"column":32}},"3":{"start":{"line":4,"column":32},"end":{"line":4,"column":57}},"4":{"start":{"line":5,"column":13},"end":{"line":5,"column":37}},"5":{"start":{"line":6,"column":12},"end":{"line":6,"column":35}},"6":{"start":{"line":7,"column":25},"end":{"line":7,"column":50}},"7":{"start":{"line":9,"column":14},"end":{"line":47,"column":1}},"8":{"start":{"line":10,"column":4},"end":{"line":46,"column":5}},"9":{"start":{"line":11,"column":25},"end":{"line":11,"column":49}},"10":{"start":{"line":12,"column":8},"end":{"line":43,"column":9}},"11":{"start":{"line":13,"column":12},"end":{"line":13,"column":63}},"12":{"start":{"line":15,"column":24},"end":{"line":15,"column":64}},"13":{"start":{"line":16,"column":25},"end":{"line":16,"column":35}},"14":{"start":{"line":17,"column":35},"end":{"line":17,"column":56}},"15":{"start":{"line":19,"column":12},"end":{"line":42,"column":13}},"16":{"start":{"line":20,"column":29},"end":{"line":20,"column":36}},"17":{"start":{"line":21,"column":16},"end":{"line":39,"column":19}},"18":{"start":{"line":22,"column":20},"end":{"line":38,"column":21}},"19":{"start":{"line":23,"column":43},"end":{"line":23,"column":57}},"20":{"start":{"line":24,"column":35},"end":{"line":27,"column":25}},"21":{"start":{"line":28,"column":42},"end":{"line":28,"column":70}},"22":{"start":{"line":29,"column":24},"end":{"line":35,"column":27}},"23":{"start":{"line":37,"column":24},"end":{"line":37,"column":77}},"24":{"start":{"line":41,"column":16},"end":{"line":41,"column":67}},"25":{"start":{"line":45,"column":8},"end":{"line":45,"column":41}},"26":{"start":{"line":48,"column":0},"end":{"line":50,"column":1}}},"fnMap":{"0":{"name":"(anonymous_0)","decl":{"start":{"line":9,"column":14},"end":{"line":9,"column":15}},"loc":{"start":{"line":9,"column":35},"end":{"line":47,"column":1}},"line":9},"1":{"name":"(anonymous_1)","decl":{"start":{"line":21,"column":65},"end":{"line":21,"column":66}},"loc":{"start":{"line":21,"column":85},"end":{"line":39,"column":17}},"line":21}},"branchMap":{"0":{"loc":{"start":{"line":12,"column":8},"end":{"line":43,"column":9}},"type":"if","locations":[{"start":{"line":12,"column":8},"end":{"line":43,"column":9}},{"start":{"line":14,"column":15},"end":{"line":43,"column":9}}],"line":12},"1":{"loc":{"start":{"line":19,"column":12},"end":{"line":42,"column":13}},"type":"if","locations":[{"start":{"line":19,"column":12},"end":{"line":42,"column":13}},{"start":{"line":40,"column":19},"end":{"line":42,"column":13}}],"line":19},"2":{"loc":{"start":{"line":22,"column":20},"end":{"line":38,"column":21}},"type":"if","locations":[{"start":{"line":22,"column":20},"end":{"line":38,"column":21}},{"start":{"line":36,"column":27},"end":{"line":38,"column":21}}],"line":22}},"s":{"0":2,"1":2,"2":2,"3":2,"4":2,"5":2,"6":2,"7":2,"8":3,"9":3,"10":3,"11":0,"12":3,"13":3,"14":3,"15":3,"16":2,"17":2,"18":2,"19":1,"20":1,"21":1,"22":1,"23":1,"24":1,"25":0,"26":2},"f":{"0":3,"1":2},"b":{"0":[0,3],"1":[2,1],"2":[1,1]},"_coverageSchema":"1a1c01bbd47fc00a2c39e90264f33305004495a9","hash":"0a037cc7a958f54d1b1d2f134ca97b96f177e733"}
,"C:\\Users\\Sahan\\Documents\\ICBT\\IoT-Based Plantation System\\nodejs-backend\\controller\\dataController.js": {"path":"C:\\Users\\Sahan\\Documents\\ICBT\\IoT-Based Plantation System\\nodejs-backend\\controller\\dataController.js","statementMap":{"0":{"start":{"line":1,"column":19},"end":{"line":1,"column":44}},"1":{"start":{"line":2,"column":13},"end":{"line":2,"column":37}},"2":{"start":{"line":3,"column":33},"end":{"line":3,"column":58}},"3":{"start":{"line":4,"column":14},"end":{"line":4,"column":30}},"4":{"start":{"line":5,"column":16},"end":{"line":5,"column":34}},"5":{"start":{"line":6,"column":21},"end":{"line":6,"column":52}},"6":{"start":{"line":7,"column":22},"end":{"line":7,"column":52}},"7":{"start":{"line":9,"column":17},"end":{"line":27,"column":1}},"8":{"start":{"line":10,"column":4},"end":{"line":26,"column":5}},"9":{"start":{"line":11,"column":20},"end":{"line":19,"column":10}},"10":{"start":{"line":21,"column":21},"end":{"line":21,"column":31}},"11":{"start":{"line":22,"column":8},"end":{"line":22,"column":29}},"12":{"start":{"line":23,"column":8},"end":{"line":23,"column":47}},"13":{"start":{"line":25,"column":8},"end":{"line":25,"column":41}},"14":{"start":{"line":29,"column":22},"end":{"line":78,"column":1}},"15":{"start":{"line":30,"column":4},"end":{"line":77,"column":5}},"16":{"start":{"line":31,"column":26},"end":{"line":39,"column":9}},"17":{"start":{"line":40,"column":29},"end":{"line":40,"column":31}},"18":{"start":{"line":42,"column":8},"end":{"line":48,"column":10}},"19":{"start":{"line":43,"column":22},"end":{"line":43,"column":49}},"20":{"start":{"line":44,"column":26},"end":{"line":44,"column":57}},"21":{"start":{"line":45,"column":29},"end":{"line":45,"column":48}},"22":{"start":{"line":46,"column":26},"end":{"line":46,"column":55}},"23":{"start":{"line":47,"column":12},"end":{"line":47,"column":62}},"24":{"start":{"line":50,"column":8},"end":{"line":72,"column":14}},"25":{"start":{"line":52,"column":33},"end":{"line":52,"column":54}},"26":{"start":{"line":54,"column":16},"end":{"line":68,"column":18}},"27":{"start":{"line":55,"column":36},"end":{"line":64,"column":21}},"28":{"start":{"line":66,"column":20},"end":{"line":66,"column":46}},"29":{"start":{"line":67,"column":20},"end":{"line":67,"column":74}},"30":{"start":{"line":67,"column":53},"end":{"line":67,"column":74}},"31":{"start":{"line":71,"column":16},"end":{"line":71,"column":43}},"32":{"start":{"line":74,"column":8},"end":{"line":74,"column":70}},"33":{"start":{"line":76,"column":8},"end":{"line":76,"column":41}},"34":{"start":{"line":80,"column":0},"end":{"line":83,"column":1}}},"fnMap":{"0":{"name":"(anonymous_0)","decl":{"start":{"line":9,"column":17},"end":{"line":9,"column":18}},"loc":{"start":{"line":9,"column":38},"end":{"line":27,"column":1}},"line":9},"1":{"name":"(anonymous_1)","decl":{"start":{"line":29,"column":22},"end":{"line":29,"column":23}},"loc":{"start":{"line":29,"column":43},"end":{"line":78,"column":1}},"line":29},"2":{"name":"(anonymous_2)","decl":{"start":{"line":42,"column":75},"end":{"line":42,"column":76}},"loc":{"start":{"line":42,"column":87},"end":{"line":48,"column":9}},"line":42},"3":{"name":"(anonymous_3)","decl":{"start":{"line":51,"column":18},"end":{"line":51,"column":19}},"loc":{"start":{"line":51,"column":32},"end":{"line":69,"column":13}},"line":51},"4":{"name":"(anonymous_4)","decl":{"start":{"line":54,"column":29},"end":{"line":54,"column":30}},"loc":{"start":{"line":54,"column":42},"end":{"line":68,"column":17}},"line":54},"5":{"name":"(anonymous_5)","decl":{"start":{"line":70,"column":19},"end":{"line":70,"column":20}},"loc":{"start":{"line":70,"column":30},"end":{"line":72,"column":13}},"line":70}},"branchMap":{"0":{"loc":{"start":{"line":67,"column":20},"end":{"line":67,"column":74}},"type":"if","locations":[{"start":{"line":67,"column":20},"end":{"line":67,"column":74}},{"start":{},"end":{}}],"line":67}},"s":{"0":2,"1":2,"2":2,"3":2,"4":2,"5":2,"6":2,"7":2,"8":0,"9":0,"10":0,"11":0,"12":0,"13":0,"14":2,"15":0,"16":0,"17":0,"18":0,"19":0,"20":0,"21":0,"22":0,"23":0,"24":0,"25":0,"26":0,"27":0,"28":0,"29":0,"30":0,"31":0,"32":0,"33":0,"34":2},"f":{"0":0,"1":0,"2":0,"3":0,"4":0,"5":0},"b":{"0":[0,0]},"_coverageSchema":"1a1c01bbd47fc00a2c39e90264f33305004495a9","hash":"69094b3c759cc2c422f168f4bedadf383132d8fd"}
,"C:\\Users\\Sahan\\Documents\\ICBT\\IoT-Based Plantation System\\nodejs-backend\\controller\\predictionController.js": {"path":"C:\\Users\\Sahan\\Documents\\ICBT\\IoT-Based Plantation System\\nodejs-backend\\controller\\predictionController.js","statementMap":{"0":{"start":{"line":1,"column":33},"end":{"line":1,"column":58}},"1":{"start":{"line":2,"column":14},"end":{"line":2,"column":30}},"2":{"start":{"line":3,"column":21},"end":{"line":3,"column":52}},"3":{"start":{"line":4,"column":19},"end":{"line":4,"column":48}},"4":{"start":{"line":5,"column":23},"end":{"line":5,"column":54}},"5":{"start":{"line":6,"column":22},"end":{"line":6,"column":52}},"6":{"start":{"line":7,"column":16},"end":{"line":7,"column":34}},"7":{"start":{"line":9,"column":22},"end":{"line":62,"column":1}},"8":{"start":{"line":10,"column":4},"end":{"line":61,"column":5}},"9":{"start":{"line":11,"column":25},"end":{"line":11,"column":29}},"10":{"start":{"line":12,"column":23},"end":{"line":12,"column":24}},"11":{"start":{"line":14,"column":8},"end":{"line":20,"column":15}},"12":{"start":{"line":16,"column":16},"end":{"line":16,"column":53}},"13":{"start":{"line":19,"column":16},"end":{"line":19,"column":43}},"14":{"start":{"line":22,"column":8},"end":{"line":28,"column":10}},"15":{"start":{"line":23,"column":22},"end":{"line":23,"column":49}},"16":{"start":{"line":24,"column":26},"end":{"line":24,"column":57}},"17":{"start":{"line":25,"column":29},"end":{"line":25,"column":48}},"18":{"start":{"line":26,"column":26},"end":{"line":26,"column":55}},"19":{"start":{"line":27,"column":12},"end":{"line":27,"column":31}},"20":{"start":{"line":30,"column":29},"end":{"line":38,"column":9}},"21":{"start":{"line":40,"column":23},"end":{"line":47,"column":9}},"22":{"start":{"line":49,"column":18},"end":{"line":49,"column":22}},"23":{"start":{"line":50,"column":8},"end":{"line":56,"column":15}},"24":{"start":{"line":52,"column":16},"end":{"line":52,"column":102}},"25":{"start":{"line":55,"column":16},"end":{"line":55,"column":62}},"26":{"start":{"line":58,"column":8},"end":{"line":58,"column":52}},"27":{"start":{"line":60,"column":8},"end":{"line":60,"column":47}},"28":{"start":{"line":63,"column":0},"end":{"line":65,"column":1}}},"fnMap":{"0":{"name":"(anonymous_0)","decl":{"start":{"line":9,"column":22},"end":{"line":9,"column":23}},"loc":{"start":{"line":9,"column":43},"end":{"line":62,"column":1}},"line":9},"1":{"name":"(anonymous_1)","decl":{"start":{"line":15,"column":18},"end":{"line":15,"column":19}},"loc":{"start":{"line":15,"column":32},"end":{"line":17,"column":13}},"line":15},"2":{"name":"(anonymous_2)","decl":{"start":{"line":18,"column":19},"end":{"line":18,"column":20}},"loc":{"start":{"line":18,"column":30},"end":{"line":20,"column":13}},"line":18},"3":{"name":"(anonymous_3)","decl":{"start":{"line":22,"column":75},"end":{"line":22,"column":76}},"loc":{"start":{"line":22,"column":87},"end":{"line":28,"column":9}},"line":22},"4":{"name":"(anonymous_4)","decl":{"start":{"line":51,"column":18},"end":{"line":51,"column":19}},"loc":{"start":{"line":51,"column":32},"end":{"line":53,"column":13}},"line":51},"5":{"name":"(anonymous_5)","decl":{"start":{"line":54,"column":19},"end":{"line":54,"column":20}},"loc":{"start":{"line":54,"column":30},"end":{"line":56,"column":13}},"line":54}},"branchMap":{},"s":{"0":2,"1":2,"2":2,"3":2,"4":2,"5":2,"6":2,"7":2,"8":0,"9":0,"10":0,"11":0,"12":0,"13":0,"14":0,"15":0,"16":0,"17":0,"18":0,"19":0,"20":0,"21":0,"22":0,"23":0,"24":0,"25":0,"26":0,"27":0,"28":2},"f":{"0":0,"1":0,"2":0,"3":0,"4":0,"5":0},"b":{},"_coverageSchema":"1a1c01bbd47fc00a2c39e90264f33305004495a9","hash":"0f55bfd3216df31b409c8c98066f07796f205068"}
,"C:\\Users\\Sahan\\Documents\\ICBT\\IoT-Based Plantation System\\nodejs-backend\\controller\\userController.js": {"path":"C:\\Users\\Sahan\\Documents\\ICBT\\IoT-Based Plantation System\\nodejs-backend\\controller\\userController.js","statementMap":{"0":{"start":{"line":1,"column":13},"end":{"line":1,"column":37}},"1":{"start":{"line":2,"column":93},"end":{"line":2,"column":118}},"2":{"start":{"line":3,"column":31},"end":{"line":3,"column":60}},"3":{"start":{"line":4,"column":45},"end":{"line":4,"column":70}},"4":{"start":{"line":5,"column":15},"end":{"line":5,"column":32}},"5":{"start":{"line":7,"column":19},"end":{"line":30,"column":1}},"6":{"start":{"line":8,"column":4},"end":{"line":29,"column":5}},"7":{"start":{"line":9,"column":25},"end":{"line":9,"column":61}},"8":{"start":{"line":10,"column":8},"end":{"line":26,"column":9}},"9":{"start":{"line":11,"column":12},"end":{"line":11,"column":63}},"10":{"start":{"line":14,"column":12},"end":{"line":25,"column":15}},"11":{"start":{"line":15,"column":28},"end":{"line":20,"column":18}},"12":{"start":{"line":22,"column":29},"end":{"line":22,"column":39}},"13":{"start":{"line":23,"column":31},"end":{"line":23,"column":52}},"14":{"start":{"line":24,"column":16},"end":{"line":24,"column":60}},"15":{"start":{"line":28,"column":8},"end":{"line":28,"column":41}},"16":{"start":{"line":32,"column":19},"end":{"line":59,"column":1}},"17":{"start":{"line":33,"column":4},"end":{"line":58,"column":5}},"18":{"start":{"line":34,"column":25},"end":{"line":34,"column":62}},"19":{"start":{"line":35,"column":8},"end":{"line":55,"column":9}},"20":{"start":{"line":36,"column":12},"end":{"line":36,"column":63}},"21":{"start":{"line":38,"column":25},"end":{"line":38,"column":35}},"22":{"start":{"line":39,"column":35},"end":{"line":39,"column":83}},"23":{"start":{"line":41,"column":12},"end":{"line":54,"column":13}},"24":{"start":{"line":42,"column":16},"end":{"line":50,"column":18}},"25":{"start":{"line":43,"column":20},"end":{"line":49,"column":23}},"26":{"start":{"line":51,"column":16},"end":{"line":51,"column":55}},"27":{"start":{"line":53,"column":16},"end":{"line":53,"column":67}},"28":{"start":{"line":57,"column":8},"end":{"line":57,"column":41}},"29":{"start":{"line":61,"column":19},"end":{"line":75,"column":1}},"30":{"start":{"line":62,"column":4},"end":{"line":74,"column":5}},"31":{"start":{"line":63,"column":21},"end":{"line":63,"column":31}},"32":{"start":{"line":64,"column":31},"end":{"line":64,"column":79}},"33":{"start":{"line":66,"column":8},"end":{"line":71,"column":9}},"34":{"start":{"line":67,"column":12},"end":{"line":67,"column":59}},"35":{"start":{"line":68,"column":12},"end":{"line":68,"column":51}},"36":{"start":{"line":70,"column":12},"end":{"line":70,"column":63}},"37":{"start":{"line":73,"column":8},"end":{"line":73,"column":41}},"38":{"start":{"line":77,"column":20},"end":{"line":93,"column":1}},"39":{"start":{"line":78,"column":4},"end":{"line":92,"column":5}},"40":{"start":{"line":79,"column":21},"end":{"line":79,"column":31}},"41":{"start":{"line":80,"column":31},"end":{"line":80,"column":62}},"42":{"start":{"line":81,"column":8},"end":{"line":89,"column":9}},"43":{"start":{"line":82,"column":12},"end":{"line":88,"column":16}},"44":{"start":{"line":84,"column":16},"end":{"line":87,"column":17}},"45":{"start":{"line":91,"column":8},"end":{"line":91,"column":41}},"46":{"start":{"line":95,"column":0},"end":{"line":100,"column":1}}},"fnMap":{"0":{"name":"(anonymous_0)","decl":{"start":{"line":7,"column":19},"end":{"line":7,"column":20}},"loc":{"start":{"line":7,"column":40},"end":{"line":30,"column":1}},"line":7},"1":{"name":"(anonymous_1)","decl":{"start":{"line":14,"column":47},"end":{"line":14,"column":48}},"loc":{"start":{"line":14,"column":68},"end":{"line":25,"column":13}},"line":14},"2":{"name":"(anonymous_2)","decl":{"start":{"line":32,"column":19},"end":{"line":32,"column":20}},"loc":{"start":{"line":32,"column":40},"end":{"line":59,"column":1}},"line":32},"3":{"name":"(anonymous_3)","decl":{"start":{"line":42,"column":51},"end":{"line":42,"column":52}},"loc":{"start":{"line":42,"column":72},"end":{"line":50,"column":17}},"line":42},"4":{"name":"(anonymous_4)","decl":{"start":{"line":61,"column":19},"end":{"line":61,"column":20}},"loc":{"start":{"line":61,"column":40},"end":{"line":75,"column":1}},"line":61},"5":{"name":"(anonymous_5)","decl":{"start":{"line":77,"column":20},"end":{"line":77,"column":21}},"loc":{"start":{"line":77,"column":41},"end":{"line":93,"column":1}},"line":77},"6":{"name":"(anonymous_6)","decl":{"start":{"line":82,"column":60},"end":{"line":82,"column":61}},"loc":{"start":{"line":82,"column":68},"end":{"line":88,"column":13}},"line":82}},"branchMap":{"0":{"loc":{"start":{"line":10,"column":8},"end":{"line":26,"column":9}},"type":"if","locations":[{"start":{"line":10,"column":8},"end":{"line":26,"column":9}},{"start":{"line":12,"column":15},"end":{"line":26,"column":9}}],"line":10},"1":{"loc":{"start":{"line":35,"column":8},"end":{"line":55,"column":9}},"type":"if","locations":[{"start":{"line":35,"column":8},"end":{"line":55,"column":9}},{"start":{"line":37,"column":15},"end":{"line":55,"column":9}}],"line":35},"2":{"loc":{"start":{"line":41,"column":12},"end":{"line":54,"column":13}},"type":"if","locations":[{"start":{"line":41,"column":12},"end":{"line":54,"column":13}},{"start":{"line":52,"column":19},"end":{"line":54,"column":13}}],"line":41},"3":{"loc":{"start":{"line":48,"column":34},"end":{"line":48,"column":77}},"type":"cond-expr","locations":[{"start":{"line":48,"column":54},"end":{"line":48,"column":58}},{"start":{"line":48,"column":61},"end":{"line":48,"column":77}}],"line":48},"4":{"loc":{"start":{"line":66,"column":8},"end":{"line":71,"column":9}},"type":"if","locations":[{"start":{"line":66,"column":8},"end":{"line":71,"column":9}},{"start":{"line":69,"column":15},"end":{"line":71,"column":9}}],"line":66},"5":{"loc":{"start":{"line":81,"column":8},"end":{"line":89,"column":9}},"type":"if","locations":[{"start":{"line":81,"column":8},"end":{"line":89,"column":9}},{"start":{},"end":{}}],"line":81}},"s":{"0":2,"1":2,"2":2,"3":2,"4":2,"5":2,"6":1,"7":1,"8":1,"9":0,"10":1,"11":1,"12":1,"13":1,"14":1,"15":0,"16":2,"17":1,"18":1,"19":1,"20":0,"21":1,"22":1,"23":1,"24":1,"25":1,"26":1,"27":0,"28":0,"29":2,"30":1,"31":1,"32":1,"33":1,"34":1,"35":1,"36":0,"37":0,"38":2,"39":1,"40":1,"41":1,"42":1,"43":1,"44":4,"45":0,"46":2},"f":{"0":1,"1":1,"2":1,"3":1,"4":1,"5":1,"6":4},"b":{"0":[0,1],"1":[0,1],"2":[1,0],"3":[1,0],"4":[1,0],"5":[1,0]},"_coverageSchema":"1a1c01bbd47fc00a2c39e90264f33305004495a9","hash":"ffb550e05335ef3034a26f6142ad8dcf4ddd07c7"}
,"C:\\Users\\Sahan\\Documents\\ICBT\\IoT-Based Plantation System\\nodejs-backend\\route\\auth.js": {"path":"C:\\Users\\Sahan\\Documents\\ICBT\\IoT-Based Plantation System\\nodejs-backend\\route\\auth.js","statementMap":{"0":{"start":{"line":1,"column":16},"end":{"line":1,"column":34}},"1":{"start":{"line":2,"column":15},"end":{"line":2,"column":31}},"2":{"start":{"line":4,"column":23},"end":{"line":4,"column":62}},"3":{"start":{"line":6,"column":0},"end":{"line":6,"column":43}},"4":{"start":{"line":8,"column":0},"end":{"line":8,"column":23}}},"fnMap":{},"branchMap":{},"s":{"0":2,"1":2,"2":2,"3":2,"4":2},"f":{},"b":{},"_coverageSchema":"1a1c01bbd47fc00a2c39e90264f33305004495a9","hash":"36d34b2034df69adc3d1a1039023ce00a71f2e58"}
,"C:\\Users\\Sahan\\Documents\\ICBT\\IoT-Based Plantation System\\nodejs-backend\\route\\data.js": {"path":"C:\\Users\\Sahan\\Documents\\ICBT\\IoT-Based Plantation System\\nodejs-backend\\route\\data.js","statementMap":{"0":{"start":{"line":1,"column":16},"end":{"line":1,"column":34}},"1":{"start":{"line":2,"column":15},"end":{"line":2,"column":31}},"2":{"start":{"line":4,"column":23},"end":{"line":4,"column":62}},"3":{"start":{"line":6,"column":0},"end":{"line":6,"column":45}},"4":{"start":{"line":7,"column":0},"end":{"line":7,"column":56}},"5":{"start":{"line":9,"column":0},"end":{"line":9,"column":23}}},"fnMap":{},"branchMap":{},"s":{"0":2,"1":2,"2":2,"3":2,"4":2,"5":2},"f":{},"b":{},"_coverageSchema":"1a1c01bbd47fc00a2c39e90264f33305004495a9","hash":"1592582d8b211f7afcfb00bcbd38b116020121bb"}
,"C:\\Users\\Sahan\\Documents\\ICBT\\IoT-Based Plantation System\\nodejs-backend\\route\\prediction.js": {"path":"C:\\Users\\Sahan\\Documents\\ICBT\\IoT-Based Plantation System\\nodejs-backend\\route\\prediction.js","statementMap":{"0":{"start":{"line":1,"column":16},"end":{"line":1,"column":34}},"1":{"start":{"line":2,"column":15},"end":{"line":2,"column":31}},"2":{"start":{"line":4,"column":29},"end":{"line":4,"column":74}},"3":{"start":{"line":6,"column":0},"end":{"line":6,"column":61}},"4":{"start":{"line":8,"column":0},"end":{"line":8,"column":23}}},"fnMap":{},"branchMap":{},"s":{"0":2,"1":2,"2":2,"3":2,"4":2},"f":{},"b":{},"_coverageSchema":"1a1c01bbd47fc00a2c39e90264f33305004495a9","hash":"2f9ff8421433757c4a7e7216663cda4f8419b19a"}
,"C:\\Users\\Sahan\\Documents\\ICBT\\IoT-Based Plantation System\\nodejs-backend\\route\\user.js": {"path":"C:\\Users\\Sahan\\Documents\\ICBT\\IoT-Based Plantation System\\nodejs-backend\\route\\user.js","statementMap":{"0":{"start":{"line":1,"column":16},"end":{"line":1,"column":34}},"1":{"start":{"line":2,"column":15},"end":{"line":2,"column":31}},"2":{"start":{"line":4,"column":23},"end":{"line":4,"column":62}},"3":{"start":{"line":6,"column":0},"end":{"line":6,"column":49}},"4":{"start":{"line":7,"column":0},"end":{"line":7,"column":52}},"5":{"start":{"line":8,"column":0},"end":{"line":8,"column":55}},"6":{"start":{"line":9,"column":0},"end":{"line":9,"column":50}},"7":{"start":{"line":11,"column":0},"end":{"line":11,"column":23}}},"fnMap":{},"branchMap":{},"s":{"0":2,"1":2,"2":2,"3":2,"4":2,"5":2,"6":2,"7":2},"f":{},"b":{},"_coverageSchema":"1a1c01bbd47fc00a2c39e90264f33305004495a9","hash":"20527f7815d52d4032293a85033c3e9aa4fcb3aa"}
,"C:\\Users\\Sahan\\Documents\\ICBT\\IoT-Based Plantation System\\nodejs-backend\\service\\db.js": {"path":"C:\\Users\\Sahan\\Documents\\ICBT\\IoT-Based Plantation System\\nodejs-backend\\service\\db.js","statementMap":{"0":{"start":{"line":1,"column":15},"end":{"line":1,"column":38}},"1":{"start":{"line":2,"column":14},"end":{"line":2,"column":39}},"2":{"start":{"line":3,"column":94},"end":{"line":3,"column":119}},"3":{"start":{"line":6,"column":11},"end":{"line":23,"column":1}},"4":{"start":{"line":7,"column":4},"end":{"line":7,"column":26}},"5":{"start":{"line":7,"column":14},"end":{"line":7,"column":26}},"6":{"start":{"line":9,"column":4},"end":{"line":22,"column":5}},"7":{"start":{"line":10,"column":8},"end":{"line":10,"column":51}},"8":{"start":{"line":12,"column":8},"end":{"line":12,"column":41}},"9":{"start":{"line":13,"column":8},"end":{"line":13,"column":38}},"10":{"start":{"line":14,"column":8},"end":{"line":14,"column":43}},"11":{"start":{"line":15,"column":8},"end":{"line":15,"column":40}},"12":{"start":{"line":16,"column":8},"end":{"line":16,"column":43}},"13":{"start":{"line":18,"column":8},"end":{"line":18,"column":19}},"14":{"start":{"line":20,"column":8},"end":{"line":20,"column":53}},"15":{"start":{"line":21,"column":8},"end":{"line":21,"column":20}},"16":{"start":{"line":25,"column":16},"end":{"line":35,"column":1}},"17":{"start":{"line":26,"column":4},"end":{"line":26,"column":22}},"18":{"start":{"line":26,"column":15},"end":{"line":26,"column":22}},"19":{"start":{"line":28,"column":4},"end":{"line":34,"column":5}},"20":{"start":{"line":29,"column":8},"end":{"line":29,"column":25}},"21":{"start":{"line":30,"column":8},"end":{"line":30,"column":44}},"22":{"start":{"line":32,"column":8},"end":{"line":32,"column":65}},"23":{"start":{"line":33,"column":8},"end":{"line":33,"column":20}},"24":{"start":{"line":37,"column":0},"end":{"line":37,"column":30}}},"fnMap":{"0":{"name":"(anonymous_0)","decl":{"start":{"line":6,"column":11},"end":{"line":6,"column":12}},"loc":{"start":{"line":6,"column":23},"end":{"line":23,"column":1}},"line":6},"1":{"name":"(anonymous_1)","decl":{"start":{"line":25,"column":16},"end":{"line":25,"column":17}},"loc":{"start":{"line":25,"column":28},"end":{"line":35,"column":1}},"line":25}},"branchMap":{"0":{"loc":{"start":{"line":7,"column":4},"end":{"line":7,"column":26}},"type":"if","locations":[{"start":{"line":7,"column":4},"end":{"line":7,"column":26}},{"start":{},"end":{}}],"line":7},"1":{"loc":{"start":{"line":26,"column":4},"end":{"line":26,"column":22}},"type":"if","locations":[{"start":{"line":26,"column":4},"end":{"line":26,"column":22}},{"start":{},"end":{}}],"line":26}},"s":{"0":1,"1":1,"2":1,"3":1,"4":4,"5":3,"6":1,"7":1,"8":1,"9":1,"10":1,"11":1,"12":1,"13":1,"14":0,"15":0,"16":1,"17":1,"18":0,"19":1,"20":1,"21":1,"22":0,"23":0,"24":1},"f":{"0":4,"1":1},"b":{"0":[3,1],"1":[0,1]},"_coverageSchema":"1a1c01bbd47fc00a2c39e90264f33305004495a9","hash":"b656b31b39e105dc16ea5304fb967c21e2ca25d6"}
,"C:\\Users\\Sahan\\Documents\\ICBT\\IoT-Based Plantation System\\nodejs-backend\\utils\\commonFunc.js": {"path":"C:\\Users\\Sahan\\Documents\\ICBT\\IoT-Based Plantation System\\nodejs-backend\\utils\\commonFunc.js","statementMap":{"0":{"start":{"line":1,"column":20},"end":{"line":7,"column":1}},"1":{"start":{"line":2,"column":17},"end":{"line":2,"column":22}},"2":{"start":{"line":3,"column":4},"end":{"line":3,"column":43}},"3":{"start":{"line":3,"column":22},"end":{"line":3,"column":43}},"4":{"start":{"line":4,"column":4},"end":{"line":4,"column":41}},"5":{"start":{"line":4,"column":21},"end":{"line":4,"column":41}},"6":{"start":{"line":6,"column":4},"end":{"line":6,"column":47}},"7":{"start":{"line":9,"column":0},"end":{"line":11,"column":1}}},"fnMap":{"0":{"name":"(anonymous_0)","decl":{"start":{"line":1,"column":20},"end":{"line":1,"column":21}},"loc":{"start":{"line":1,"column":31},"end":{"line":7,"column":1}},"line":1}},"branchMap":{"0":{"loc":{"start":{"line":3,"column":4},"end":{"line":3,"column":43}},"type":"if","locations":[{"start":{"line":3,"column":4},"end":{"line":3,"column":43}},{"start":{},"end":{}}],"line":3},"1":{"loc":{"start":{"line":4,"column":4},"end":{"line":4,"column":41}},"type":"if","locations":[{"start":{"line":4,"column":4},"end":{"line":4,"column":41}},{"start":{},"end":{}}],"line":4}},"s":{"0":2,"1":0,"2":0,"3":0,"4":0,"5":0,"6":0,"7":2},"f":{"0":0},"b":{"0":[0,0],"1":[0,0]},"_coverageSchema":"1a1c01bbd47fc00a2c39e90264f33305004495a9","hash":"fba90b8e34ec9fa0ce293cd1408e92e68d123972"}
,"C:\\Users\\Sahan\\Documents\\ICBT\\IoT-Based Plantation System\\nodejs-backend\\validation\\auth.js": {"path":"C:\\Users\\Sahan\\Documents\\ICBT\\IoT-Based Plantation System\\nodejs-backend\\validation\\auth.js","statementMap":{"0":{"start":{"line":1,"column":20},"end":{"line":1,"column":45}},"1":{"start":{"line":3,"column":23},"end":{"line":20,"column":1}},"2":{"start":{"line":4,"column":18},"end":{"line":4,"column":32}},"3":{"start":{"line":6,"column":4},"end":{"line":17,"column":5}},"4":{"start":{"line":7,"column":8},"end":{"line":14,"column":9}},"5":{"start":{"line":8,"column":12},"end":{"line":13,"column":13}},"6":{"start":{"line":9,"column":16},"end":{"line":9,"column":33}},"7":{"start":{"line":10,"column":16},"end":{"line":10,"column":60}},"8":{"start":{"line":12,"column":16},"end":{"line":12,"column":28}},"9":{"start":{"line":16,"column":8},"end":{"line":16,"column":67}},"10":{"start":{"line":19,"column":4},"end":{"line":19,"column":16}},"11":{"start":{"line":22,"column":0},"end":{"line":24,"column":1}}},"fnMap":{"0":{"name":"(anonymous_0)","decl":{"start":{"line":3,"column":23},"end":{"line":3,"column":24}},"loc":{"start":{"line":3,"column":33},"end":{"line":20,"column":1}},"line":3}},"branchMap":{"0":{"loc":{"start":{"line":6,"column":4},"end":{"line":17,"column":5}},"type":"if","locations":[{"start":{"line":6,"column":4},"end":{"line":17,"column":5}},{"start":{"line":15,"column":11},"end":{"line":17,"column":5}}],"line":6},"1":{"loc":{"start":{"line":8,"column":12},"end":{"line":13,"column":13}},"type":"if","locations":[{"start":{"line":8,"column":12},"end":{"line":13,"column":13}},{"start":{},"end":{}}],"line":8}},"s":{"0":2,"1":2,"2":3,"3":3,"4":3,"5":6,"6":0,"7":0,"8":0,"9":0,"10":3,"11":2},"f":{"0":3},"b":{"0":[3,0],"1":[0,6]},"_coverageSchema":"1a1c01bbd47fc00a2c39e90264f33305004495a9","hash":"f9b59c66291bd104e7a80f79dda2fbbe3168146e"}
,"C:\\Users\\Sahan\\Documents\\ICBT\\IoT-Based Plantation System\\nodejs-backend\\validation\\user.js": {"path":"C:\\Users\\Sahan\\Documents\\ICBT\\IoT-Based Plantation System\\nodejs-backend\\validation\\user.js","statementMap":{"0":{"start":{"line":1,"column":26},"end":{"line":1,"column":51}},"1":{"start":{"line":2,"column":21},"end":{"line":2,"column":46}},"2":{"start":{"line":4,"column":29},"end":{"line":30,"column":1}},"3":{"start":{"line":5,"column":18},"end":{"line":5,"column":38}},"4":{"start":{"line":7,"column":4},"end":{"line":27,"column":5}},"5":{"start":{"line":8,"column":8},"end":{"line":26,"column":9}},"6":{"start":{"line":9,"column":12},"end":{"line":19,"column":13}},"7":{"start":{"line":10,"column":16},"end":{"line":15,"column":17}},"8":{"start":{"line":11,"column":20},"end":{"line":11,"column":37}},"9":{"start":{"line":12,"column":20},"end":{"line":12,"column":64}},"10":{"start":{"line":14,"column":20},"end":{"line":14,"column":38}},"11":{"start":{"line":17,"column":16},"end":{"line":17,"column":33}},"12":{"start":{"line":18,"column":16},"end":{"line":18,"column":60}},"13":{"start":{"line":21,"column":12},"end":{"line":21,"column":24}},"14":{"start":{"line":23,"column":12},"end":{"line":25,"column":13}},"15":{"start":{"line":24,"column":16},"end":{"line":24,"column":51}},"16":{"start":{"line":29,"column":4},"end":{"line":29,"column":16}},"17":{"start":{"line":32,"column":0},"end":{"line":34,"column":1}}},"fnMap":{"0":{"name":"(anonymous_0)","decl":{"start":{"line":4,"column":29},"end":{"line":4,"column":30}},"loc":{"start":{"line":4,"column":59},"end":{"line":30,"column":1}},"line":4}},"branchMap":{"0":{"loc":{"start":{"line":8,"column":8},"end":{"line":26,"column":9}},"type":"if","locations":[{"start":{"line":8,"column":8},"end":{"line":26,"column":9}},{"start":{"line":22,"column":15},"end":{"line":26,"column":9}}],"line":8},"1":{"loc":{"start":{"line":9,"column":12},"end":{"line":19,"column":13}},"type":"if","locations":[{"start":{"line":9,"column":12},"end":{"line":19,"column":13}},{"start":{"line":16,"column":19},"end":{"line":19,"column":13}}],"line":9},"2":{"loc":{"start":{"line":10,"column":16},"end":{"line":15,"column":17}},"type":"if","locations":[{"start":{"line":10,"column":16},"end":{"line":15,"column":17}},{"start":{"line":13,"column":23},"end":{"line":15,"column":17}}],"line":10},"3":{"loc":{"start":{"line":23,"column":12},"end":{"line":25,"column":13}},"type":"if","locations":[{"start":{"line":23,"column":12},"end":{"line":25,"column":13}},{"start":{},"end":{}}],"line":23},"4":{"loc":{"start":{"line":23,"column":16},"end":{"line":23,"column":65}},"type":"binary-expr","locations":[{"start":{"line":23,"column":16},"end":{"line":23,"column":30}},{"start":{"line":23,"column":34},"end":{"line":23,"column":65}}],"line":23}},"s":{"0":2,"1":2,"2":2,"3":2,"4":2,"5":8,"6":0,"7":0,"8":0,"9":0,"10":0,"11":0,"12":0,"13":0,"14":8,"15":0,"16":2,"17":2},"f":{"0":2},"b":{"0":[0,8],"1":[0,0],"2":[0,0],"3":[0,8],"4":[8,2]},"_coverageSchema":"1a1c01bbd47fc00a2c39e90264f33305004495a9","hash":"815c5f28d9c2fa9d154e3b9a3e83ff665086d265"}
}
